<?xml version="1.0" encoding="UTF-8"?>
<!-- Generated by org.testng.reporters.JUnitReportReporter -->
<testsuite hostname="DESKTOP-04L8NQ5" failures="0" tests="1" name="mphasis.FirstCry.testSteps.TestRunner" time="54.869" errors="1" timestamp="2024-01-18T12:24:27 IST" skipped="0">
  <testcase classname="mphasis.FirstCry.testSteps.TestRunner" name="runScenario" time="54.869">
    <error message="FirstCry1\resourses\Data.xlsx (The system cannot find the path specified)" type="java.io.FileNotFoundException">
      <![CDATA[java.io.FileNotFoundException: FirstCry1\resourses\Data.xlsx (The system cannot find the path specified)
at java.base/java.io.FileInputStream.open0(Native Method)
at java.base/java.io.FileInputStream.open(FileInputStream.java:216)
at java.base/java.io.FileInputStream.<init>(FileInputStream.java:157)
at utils.ReadExcel.getData(ReadExcel.java:18)
at mphasis.FirstCry.testSteps.MyProfile.i_perform_an_edit_operation(MyProfile.java:69)
at ✽.I perform an Edit operation(file:///C:/Users/User/eclipse-workspace/selenium/FirstCry1/Features/myprofile.feature:9)
]]>
    </error>
  </testcase> <!-- runScenario -->
  <system-out/>
</testsuite> <!-- mphasis.FirstCry.testSteps.TestRunner -->
