<?xml version="1.0" encoding="UTF-8"?>
<testng-results ignored="0" total="1" passed="0" failed="1" skipped="0">
  <reporter-output>
  </reporter-output>
  <suite started-at="2024-01-18T12:23:32 IST" name="Default suite" finished-at="2024-01-18T12:24:27 IST" duration-ms="55148">
    <groups>
      <group name="cucumber">
        <method signature="AbstractTestNGCucumberTests.runScenario(io.cucumber.testng.PickleWrapper,io.cucumber.testng.FeatureWrapper)[pri:0, instance:mphasis.FirstCry.testSteps.TestRunner@6771beb3]" name="runScenario" class="io.cucumber.testng.AbstractTestNGCucumberTests"/>
      </group> <!-- cucumber -->
    </groups>
    <test started-at="2024-01-18T12:23:32 IST" name="Default test" finished-at="2024-01-18T12:24:27 IST" duration-ms="55148">
      <class name="mphasis.FirstCry.testSteps.TestRunner">
        <test-method is-config="true" signature="setUpClass(org.testng.ITestContext)[pri:0, instance:mphasis.FirstCry.testSteps.TestRunner@6771beb3]" started-at="2024-01-18T12:23:32 IST" name="setUpClass" finished-at="2024-01-18T12:23:32 IST" duration-ms="237" status="PASS">
          <params>
            <param index="0">
              <value>
                <![CDATA[org.testng.TestRunner@3c91530d]]>
              </value>
            </param>
          </params>
          <reporter-output>
          </reporter-output>
        </test-method> <!-- setUpClass -->
        <test-method signature="runScenario(io.cucumber.testng.PickleWrapper,io.cucumber.testng.FeatureWrapper)[pri:0, instance:mphasis.FirstCry.testSteps.TestRunner@6771beb3]" started-at="2024-01-18T12:23:32 IST" name="runScenario" description="Runs Cucumber Scenarios" data-provider="scenarios" finished-at="2024-01-18T12:24:27 IST" duration-ms="54869" status="FAIL">
          <params>
            <param index="0">
              <value>
                <![CDATA["User edits their profile information"]]>
              </value>
            </param>
            <param index="1">
              <value>
                <![CDATA["Optional[MyProfile Functionality]"]]>
              </value>
            </param>
          </params>
          <exception class="java.io.FileNotFoundException">
            <message>
              <![CDATA[FirstCry1\resourses\Data.xlsx (The system cannot find the path specified)]]>
            </message>
            <full-stacktrace>
              <![CDATA[java.io.FileNotFoundException: FirstCry1\resourses\Data.xlsx (The system cannot find the path specified)
at java.base/java.io.FileInputStream.open0(Native Method)
at java.base/java.io.FileInputStream.open(FileInputStream.java:216)
at java.base/java.io.FileInputStream.<init>(FileInputStream.java:157)
at utils.ReadExcel.getData(ReadExcel.java:18)
at mphasis.FirstCry.testSteps.MyProfile.i_perform_an_edit_operation(MyProfile.java:69)
at ✽.I perform an Edit operation(file:///C:/Users/User/eclipse-workspace/selenium/FirstCry1/Features/myprofile.feature:9)
]]>
            </full-stacktrace>
          </exception> <!-- java.io.FileNotFoundException -->
          <reporter-output>
          </reporter-output>
        </test-method> <!-- runScenario -->
        <test-method is-config="true" signature="tearDownClass()[pri:0, instance:mphasis.FirstCry.testSteps.TestRunner@6771beb3]" started-at="2024-01-18T12:24:27 IST" name="tearDownClass" finished-at="2024-01-18T12:24:27 IST" duration-ms="6" status="PASS">
          <reporter-output>
          </reporter-output>
        </test-method> <!-- tearDownClass -->
      </class> <!-- mphasis.FirstCry.testSteps.TestRunner -->
    </test> <!-- Default test -->
  </suite> <!-- Default suite -->
</testng-results>
