<?xml version="1.0" encoding="UTF-8"?>
<!-- Generated by org.testng.reporters.JUnitXMLReporter -->
<testsuite ignored="0" hostname="DESKTOP-04L8NQ5" failures="1" tests="1" name="Default test" time="55.148" errors="0" timestamp="2024-01-18T12:24:27 IST">
  <testcase classname="io.cucumber.testng.AbstractTestNGCucumberTests" name="runScenario" time="54.869">
    <failure type="java.io.FileNotFoundException" message="FirstCry1\resourses\Data.xlsx (The system cannot find the path specified)">
      <![CDATA[java.io.FileNotFoundException: FirstCry1\resourses\Data.xlsx (The system cannot find the path specified)
at java.base/java.io.FileInputStream.open0(Native Method)
at java.base/java.io.FileInputStream.open(FileInputStream.java:216)
at java.base/java.io.FileInputStream.<init>(FileInputStream.java:157)
at utils.ReadExcel.getData(ReadExcel.java:18)
at mphasis.FirstCry.testSteps.MyProfile.i_perform_an_edit_operation(MyProfile.java:69)
at ✽.I perform an Edit operation(file:///C:/Users/User/eclipse-workspace/selenium/FirstCry1/Features/myprofile.feature:9)
]]>
    </failure>
  </testcase> <!-- runScenario -->
</testsuite> <!-- Default test -->
